0 info it worked if it ends with ok
1 verbose cli [ 'node', '/usr/local/bin/npm', 'install', '-g', 'jsxhint' ]
2 info using npm@2.10.1
3 info using node@v0.10.33
4 verbose install initial load of /usr/local/lib/package.json
5 verbose readDependencies loading dependencies from /usr/local/lib/package.json
6 silly cache add args [ 'jsxhint', null ]
7 verbose cache add spec jsxhint
8 silly cache add parsed spec { raw: 'jsxhint',
8 silly cache add   scope: null,
8 silly cache add   name: 'jsxhint',
8 silly cache add   rawSpec: '',
8 silly cache add   spec: '*',
8 silly cache add   type: 'range' }
9 silly addNamed jsxhint@*
10 verbose addNamed "*" is a valid semver range for jsxhint
11 silly addNameRange { name: 'jsxhint', range: '*', hasData: false }
12 silly mapToRegistry name jsxhint
13 silly mapToRegistry using default registry
14 silly mapToRegistry registry https://registry.npmjs.org/
15 silly mapToRegistry uri https://registry.npmjs.org/jsxhint
16 verbose addNameRange registry:https://registry.npmjs.org/jsxhint not in flight; fetching
17 verbose request uri https://registry.npmjs.org/jsxhint
18 verbose request no auth needed
19 info attempt registry request try #1 at 17:24:55
20 verbose request id ce98570ab352de90
21 http request GET https://registry.npmjs.org/jsxhint
22 http 200 https://registry.npmjs.org/jsxhint
23 silly get cb [ 200,
23 silly get   { server: 'CouchDB/1.5.0 (Erlang OTP/R16B03)',
23 silly get     etag: '"7B4QJW35BV4HR3A5K3EFTN6QY"',
23 silly get     'content-type': 'application/json',
23 silly get     'content-encoding': 'gzip',
23 silly get     'cache-control': 'max-age=300',
23 silly get     'content-length': '8547',
23 silly get     'accept-ranges': 'bytes',
23 silly get     date: 'Sat, 16 Jul 2016 23:24:56 GMT',
23 silly get     via: '1.1 varnish',
23 silly get     age: '0',
23 silly get     connection: 'keep-alive',
23 silly get     'x-served-by': 'cache-den6021-DEN',
23 silly get     'x-cache': 'MISS',
23 silly get     'x-cache-hits': '0',
23 silly get     'x-timer': 'S1468711496.054076,VS0,VE258',
23 silly get     vary: 'Accept-Encoding' } ]
24 verbose get saving jsxhint to /Users/kevinmaze/.npm/registry.npmjs.org/jsxhint/.cache.json
25 silly addNameRange number 2 { name: 'jsxhint', range: '*', hasData: true }
26 silly addNameRange versions [ 'jsxhint',
26 silly addNameRange   [ '0.0.1',
26 silly addNameRange     '0.1.0',
26 silly addNameRange     '0.2.0',
26 silly addNameRange     '0.3.0',
26 silly addNameRange     '0.3.1',
26 silly addNameRange     '0.3.2',
26 silly addNameRange     '0.4.1',
26 silly addNameRange     '0.4.2',
26 silly addNameRange     '0.4.3',
26 silly addNameRange     '0.4.4',
26 silly addNameRange     '0.4.6',
26 silly addNameRange     '0.4.5',
26 silly addNameRange     '0.4.7',
26 silly addNameRange     '0.4.8',
26 silly addNameRange     '0.4.9',
26 silly addNameRange     '0.4.10',
26 silly addNameRange     '0.4.11',
26 silly addNameRange     '0.4.12',
26 silly addNameRange     '0.4.13',
26 silly addNameRange     '0.4.14',
26 silly addNameRange     '0.4.15',
26 silly addNameRange     '0.5.0',
26 silly addNameRange     '0.5.1',
26 silly addNameRange     '0.6.0',
26 silly addNameRange     '0.7.0',
26 silly addNameRange     '0.8.0',
26 silly addNameRange     '0.7.1',
26 silly addNameRange     '0.8.1',
26 silly addNameRange     '0.9.0',
26 silly addNameRange     '0.10.0',
26 silly addNameRange     '0.11.0',
26 silly addNameRange     '0.11.1',
26 silly addNameRange     '0.12.0',
26 silly addNameRange     '0.12.1',
26 silly addNameRange     '0.13.0',
26 silly addNameRange     '0.13.1',
26 silly addNameRange     '0.13.2',
26 silly addNameRange     '0.13.3',
26 silly addNameRange     '0.14.0',
26 silly addNameRange     '0.15.0',
26 silly addNameRange     '0.15.1' ] ]
27 silly addNamed jsxhint@0.15.1
28 verbose addNamed "0.15.1" is a plain semver version for jsxhint
29 silly mapToRegistry name jsxhint
30 silly mapToRegistry using default registry
31 silly mapToRegistry registry https://registry.npmjs.org/
32 silly mapToRegistry uri https://registry.npmjs.org/jsxhint
33 verbose addRemoteTarball https://registry.npmjs.org/jsxhint/-/jsxhint-0.15.1.tgz not in flight; adding
34 verbose addRemoteTarball [ 'https://registry.npmjs.org/jsxhint/-/jsxhint-0.15.1.tgz',
34 verbose addRemoteTarball   'fa005fb5a4db7cfdc055ef5043b2debb9fe35a54' ]
35 info retry fetch attempt 1 at 17:24:56
36 info attempt registry request try #1 at 17:24:56
37 http fetch GET https://registry.npmjs.org/jsxhint/-/jsxhint-0.15.1.tgz
38 http fetch 200 https://registry.npmjs.org/jsxhint/-/jsxhint-0.15.1.tgz
39 silly fetchAndShaCheck shasum fa005fb5a4db7cfdc055ef5043b2debb9fe35a54
40 verbose addTmpTarball /var/folders/9k/v0_04qvs2d710kd48v4vg74h0000gp/T/npm-14250-0f5799ac/registry.npmjs.org/jsxhint/-/jsxhint-0.15.1.tgz not in flight; adding
41 verbose addTmpTarball already have metadata; skipping unpack for jsxhint@0.15.1
42 silly cache afterAdd jsxhint@0.15.1
43 verbose afterAdd /Users/kevinmaze/.npm/jsxhint/0.15.1/package/package.json not in flight; writing
44 verbose afterAdd /Users/kevinmaze/.npm/jsxhint/0.15.1/package/package.json written
45 silly install resolved [ { name: 'jsxhint',
45 silly install resolved     version: '0.15.1',
45 silly install resolved     description: 'Wrapper for JSHint to allow hinting of JSX files',
45 silly install resolved     main: 'jsxhint.js',
45 silly install resolved     bin: { jsxhint: './cli.js' },
45 silly install resolved     engine: 'node >= 0.8',
45 silly install resolved     scripts:
45 silly install resolved      { test: 'node ./node_modules/tap/bin/tap test/test.js',
45 silly install resolved        lint: 'jshint' },
45 silly install resolved     repository: { type: 'git', url: 'https://github.com/STRML/JSXHint' },
45 silly install resolved     directories: { test: 'test' },
45 silly install resolved     prefer_global: true,
45 silly install resolved     keywords: [ 'jshint', 'jsx', 'react', 'lint', 'jslint', 'reactjs' ],
45 silly install resolved     author: { name: 'Samuel Reed' },
45 silly install resolved     contributors: [ [Object] ],
45 silly install resolved     license: 'MIT',
45 silly install resolved     dependencies:
45 silly install resolved      { bluebird: '^2.9.14',
45 silly install resolved        debug: '~2.1.0',
45 silly install resolved        'fs-extra': '^0.16.5',
45 silly install resolved        'glob-all': '^3.0.1',
45 silly install resolved        jshint: '^2.6.0',
45 silly install resolved        jstransform: '^11.0.1',
45 silly install resolved        through: '~2.3.6' },
45 silly install resolved     devDependencies: { babel: '^5.4.0', 'precommit-hook': '~1.0.7', tap: '~0.4.13' },
45 silly install resolved     publishConfig: { registry: 'https://registry.npmjs.org' },
45 silly install resolved     gitHead: '85ad803297347d2779b5c07980ea6d1e2136a953',
45 silly install resolved     bugs: { url: 'https://github.com/STRML/JSXHint/issues' },
45 silly install resolved     homepage: 'https://github.com/STRML/JSXHint',
45 silly install resolved     _id: 'jsxhint@0.15.1',
45 silly install resolved     _shasum: 'fa005fb5a4db7cfdc055ef5043b2debb9fe35a54',
45 silly install resolved     _from: 'jsxhint@*',
45 silly install resolved     _npmVersion: '2.10.1',
45 silly install resolved     _nodeVersion: '0.12.4',
45 silly install resolved     _npmUser: { name: 'strml', email: 'samuel.trace.reed@gmail.com' },
45 silly install resolved     maintainers: [ [Object] ],
45 silly install resolved     dist:
45 silly install resolved      { shasum: 'fa005fb5a4db7cfdc055ef5043b2debb9fe35a54',
45 silly install resolved        tarball: 'https://registry.npmjs.org/jsxhint/-/jsxhint-0.15.1.tgz' },
45 silly install resolved     _resolved: 'https://registry.npmjs.org/jsxhint/-/jsxhint-0.15.1.tgz' } ]
46 info install jsxhint@0.15.1 into /usr/local/lib
47 info installOne jsxhint@0.15.1
48 verbose installOne of jsxhint to /usr/local/lib not in flight; installing
49 warn locking Error: EACCES, open '/Users/kevinmaze/.npm/_locks/jsxhint-bccda7f3692ffc24.lock'
49 warn locking  /Users/kevinmaze/.npm/_locks/jsxhint-bccda7f3692ffc24.lock failed { [Error: EACCES, open '/Users/kevinmaze/.npm/_locks/jsxhint-bccda7f3692ffc24.lock']
49 warn locking   errno: 3,
49 warn locking   code: 'EACCES',
49 warn locking   path: '/Users/kevinmaze/.npm/_locks/jsxhint-bccda7f3692ffc24.lock' }
50 verbose stack Error: Attempt to unlock /usr/local/lib/node_modules/jsxhint, which hasn't been locked
50 verbose stack     at unlock (/usr/local/lib/node_modules/npm/lib/utils/locker.js:66:11)
50 verbose stack     at cb (/usr/local/lib/node_modules/npm/lib/install.js:1017:5)
50 verbose stack     at /usr/local/lib/node_modules/npm/lib/install.js:1021:20
50 verbose stack     at /usr/local/lib/node_modules/npm/lib/utils/locker.js:40:9
50 verbose stack     at cb (/usr/local/lib/node_modules/npm/node_modules/lockfile/lockfile.js:149:38)
50 verbose stack     at /usr/local/lib/node_modules/npm/node_modules/lockfile/lockfile.js:177:38
50 verbose stack     at Object.oncomplete (fs.js:107:15)
51 verbose cwd /Users/kevinmaze/Desktop/Aram-Pro
52 error Darwin 14.5.0
53 error argv "node" "/usr/local/bin/npm" "install" "-g" "jsxhint"
54 error node v0.10.33
55 error npm  v2.10.1
56 error Attempt to unlock /usr/local/lib/node_modules/jsxhint, which hasn't been locked
57 error If you need help, you may report this error at:
57 error     <https://github.com/npm/npm/issues>
58 verbose exit [ 1, true ]
